Determining if the pthread_create exist failed with the following output:
Change Dir: /home/kaho/catkin_ws/src/lidar_localization/build/CMakeFiles/CMakeTmp

Run Build Command:"/usr/bin/make" "cmTC_a8183/fast"
/usr/bin/make -f CMakeFiles/cmTC_a8183.dir/build.make CMakeFiles/cmTC_a8183.dir/build
make[1]: 进入目录“/home/kaho/catkin_ws/src/lidar_localization/build/CMakeFiles/CMakeTmp”
Building C object CMakeFiles/cmTC_a8183.dir/CheckSymbolExists.c.o
/usr/bin/x86_64-linux-gnu-gcc-7    -o CMakeFiles/cmTC_a8183.dir/CheckSymbolExists.c.o   -c /home/kaho/catkin_ws/src/lidar_localization/build/CMakeFiles/CMakeTmp/CheckSymbolExists.c
Linking C executable cmTC_a8183
/usr/bin/cmake -E cmake_link_script CMakeFiles/cmTC_a8183.dir/link.txt --verbose=1
/usr/bin/x86_64-linux-gnu-gcc-7      -rdynamic CMakeFiles/cmTC_a8183.dir/CheckSymbolExists.c.o  -o cmTC_a8183 
CMakeFiles/cmTC_a8183.dir/CheckSymbolExists.c.o：在函数‘main’中：
CheckSymbolExists.c:(.text+0x1b)：对‘pthread_create’未定义的引用
collect2: error: ld returned 1 exit status
CMakeFiles/cmTC_a8183.dir/build.make:97: recipe for target 'cmTC_a8183' failed
make[1]: *** [cmTC_a8183] Error 1
make[1]: 离开目录“/home/kaho/catkin_ws/src/lidar_localization/build/CMakeFiles/CMakeTmp”
Makefile:126: recipe for target 'cmTC_a8183/fast' failed
make: *** [cmTC_a8183/fast] Error 2

File /home/kaho/catkin_ws/src/lidar_localization/build/CMakeFiles/CMakeTmp/CheckSymbolExists.c:
/* */
#include <pthread.h>

int main(int argc, char** argv)
{
  (void)argv;
#ifndef pthread_create
  return ((int*)(&pthread_create))[argc];
#else
  (void)argc;
  return 0;
#endif
}

Determining if the function pthread_create exists in the pthreads failed with the following output:
Change Dir: /home/kaho/catkin_ws/src/lidar_localization/build/CMakeFiles/CMakeTmp

Run Build Command:"/usr/bin/make" "cmTC_5791c/fast"
/usr/bin/make -f CMakeFiles/cmTC_5791c.dir/build.make CMakeFiles/cmTC_5791c.dir/build
make[1]: 进入目录“/home/kaho/catkin_ws/src/lidar_localization/build/CMakeFiles/CMakeTmp”
Building C object CMakeFiles/cmTC_5791c.dir/CheckFunctionExists.c.o
/usr/bin/x86_64-linux-gnu-gcc-7   -DCHECK_FUNCTION_EXISTS=pthread_create   -o CMakeFiles/cmTC_5791c.dir/CheckFunctionExists.c.o   -c /usr/share/cmake-3.10/Modules/CheckFunctionExists.c
Linking C executable cmTC_5791c
/usr/bin/cmake -E cmake_link_script CMakeFiles/cmTC_5791c.dir/link.txt --verbose=1
/usr/bin/x86_64-linux-gnu-gcc-7  -DCHECK_FUNCTION_EXISTS=pthread_create    -rdynamic CMakeFiles/cmTC_5791c.dir/CheckFunctionExists.c.o  -o cmTC_5791c -lpthreads 
/usr/bin/ld: 找不到 -lpthreads
collect2: error: ld returned 1 exit status
CMakeFiles/cmTC_5791c.dir/build.make:97: recipe for target 'cmTC_5791c' failed
make[1]: *** [cmTC_5791c] Error 1
make[1]: 离开目录“/home/kaho/catkin_ws/src/lidar_localization/build/CMakeFiles/CMakeTmp”
Makefile:126: recipe for target 'cmTC_5791c/fast' failed
make: *** [cmTC_5791c/fast] Error 2


