Determining if the pthread_create exist failed with the following output:
Change Dir: /home/x/catkin_ws/src/lidar_localization/build/CMakeFiles/CMakeTmp

Run Build Command:"/usr/bin/make" "cmTC_207b6/fast"
/usr/bin/make -f CMakeFiles/cmTC_207b6.dir/build.make CMakeFiles/cmTC_207b6.dir/build
make[1]: 进入目录“/home/x/catkin_ws/src/lidar_localization/build/CMakeFiles/CMakeTmp”
Building C object CMakeFiles/cmTC_207b6.dir/CheckSymbolExists.c.o
/usr/bin/x86_64-linux-gnu-gcc-7    -o CMakeFiles/cmTC_207b6.dir/CheckSymbolExists.c.o   -c /home/x/catkin_ws/src/lidar_localization/build/CMakeFiles/CMakeTmp/CheckSymbolExists.c
Linking C executable cmTC_207b6
/usr/bin/cmake -E cmake_link_script CMakeFiles/cmTC_207b6.dir/link.txt --verbose=1
/usr/bin/x86_64-linux-gnu-gcc-7      -rdynamic CMakeFiles/cmTC_207b6.dir/CheckSymbolExists.c.o  -o cmTC_207b6 
CMakeFiles/cmTC_207b6.dir/CheckSymbolExists.c.o：在函数‘main’中：
CheckSymbolExists.c:(.text+0x1b)：对‘pthread_create’未定义的引用
collect2: error: ld returned 1 exit status
CMakeFiles/cmTC_207b6.dir/build.make:97: recipe for target 'cmTC_207b6' failed
make[1]: *** [cmTC_207b6] Error 1
make[1]: 离开目录“/home/x/catkin_ws/src/lidar_localization/build/CMakeFiles/CMakeTmp”
Makefile:126: recipe for target 'cmTC_207b6/fast' failed
make: *** [cmTC_207b6/fast] Error 2

File /home/x/catkin_ws/src/lidar_localization/build/CMakeFiles/CMakeTmp/CheckSymbolExists.c:
/* */
#include <pthread.h>

int main(int argc, char** argv)
{
  (void)argv;
#ifndef pthread_create
  return ((int*)(&pthread_create))[argc];
#else
  (void)argc;
  return 0;
#endif
}

Determining if the function pthread_create exists in the pthreads failed with the following output:
Change Dir: /home/x/catkin_ws/src/lidar_localization/build/CMakeFiles/CMakeTmp

Run Build Command:"/usr/bin/make" "cmTC_f726d/fast"
/usr/bin/make -f CMakeFiles/cmTC_f726d.dir/build.make CMakeFiles/cmTC_f726d.dir/build
make[1]: 进入目录“/home/x/catkin_ws/src/lidar_localization/build/CMakeFiles/CMakeTmp”
Building C object CMakeFiles/cmTC_f726d.dir/CheckFunctionExists.c.o
/usr/bin/x86_64-linux-gnu-gcc-7   -DCHECK_FUNCTION_EXISTS=pthread_create   -o CMakeFiles/cmTC_f726d.dir/CheckFunctionExists.c.o   -c /usr/share/cmake-3.10/Modules/CheckFunctionExists.c
Linking C executable cmTC_f726d
/usr/bin/cmake -E cmake_link_script CMakeFiles/cmTC_f726d.dir/link.txt --verbose=1
/usr/bin/x86_64-linux-gnu-gcc-7  -DCHECK_FUNCTION_EXISTS=pthread_create    -rdynamic CMakeFiles/cmTC_f726d.dir/CheckFunctionExists.c.o  -o cmTC_f726d -lpthreads 
/usr/bin/ld: 找不到 -lpthreads
collect2: error: ld returned 1 exit status
CMakeFiles/cmTC_f726d.dir/build.make:97: recipe for target 'cmTC_f726d' failed
make[1]: *** [cmTC_f726d] Error 1
make[1]: 离开目录“/home/x/catkin_ws/src/lidar_localization/build/CMakeFiles/CMakeTmp”
Makefile:126: recipe for target 'cmTC_f726d/fast' failed
make: *** [cmTC_f726d/fast] Error 2


