Determining if the pthread_create exist failed with the following output:
Change Dir: /home/x/catkin_ws/src/lidar_localization/build/CMakeFiles/CMakeTmp

Run Build Command:"/usr/bin/make" "cmTC_77c3f/fast"
/usr/bin/make -f CMakeFiles/cmTC_77c3f.dir/build.make CMakeFiles/cmTC_77c3f.dir/build
make[1]: 进入目录“/home/x/catkin_ws/src/lidar_localization/build/CMakeFiles/CMakeTmp”
Building C object CMakeFiles/cmTC_77c3f.dir/CheckSymbolExists.c.o
/usr/bin/x86_64-linux-gnu-gcc-7    -o CMakeFiles/cmTC_77c3f.dir/CheckSymbolExists.c.o   -c /home/x/catkin_ws/src/lidar_localization/build/CMakeFiles/CMakeTmp/CheckSymbolExists.c
Linking C executable cmTC_77c3f
/usr/bin/cmake -E cmake_link_script CMakeFiles/cmTC_77c3f.dir/link.txt --verbose=1
/usr/bin/x86_64-linux-gnu-gcc-7      -rdynamic CMakeFiles/cmTC_77c3f.dir/CheckSymbolExists.c.o  -o cmTC_77c3f 
CMakeFiles/cmTC_77c3f.dir/CheckSymbolExists.c.o：在函数‘main’中：
CheckSymbolExists.c:(.text+0x1b)：对‘pthread_create’未定义的引用
collect2: error: ld returned 1 exit status
CMakeFiles/cmTC_77c3f.dir/build.make:97: recipe for target 'cmTC_77c3f' failed
make[1]: *** [cmTC_77c3f] Error 1
make[1]: 离开目录“/home/x/catkin_ws/src/lidar_localization/build/CMakeFiles/CMakeTmp”
Makefile:126: recipe for target 'cmTC_77c3f/fast' failed
make: *** [cmTC_77c3f/fast] Error 2

File /home/x/catkin_ws/src/lidar_localization/build/CMakeFiles/CMakeTmp/CheckSymbolExists.c:
/* */
#include <pthread.h>

int main(int argc, char** argv)
{
  (void)argv;
#ifndef pthread_create
  return ((int*)(&pthread_create))[argc];
#else
  (void)argc;
  return 0;
#endif
}

Determining if the function pthread_create exists in the pthreads failed with the following output:
Change Dir: /home/x/catkin_ws/src/lidar_localization/build/CMakeFiles/CMakeTmp

Run Build Command:"/usr/bin/make" "cmTC_6f931/fast"
/usr/bin/make -f CMakeFiles/cmTC_6f931.dir/build.make CMakeFiles/cmTC_6f931.dir/build
make[1]: 进入目录“/home/x/catkin_ws/src/lidar_localization/build/CMakeFiles/CMakeTmp”
Building C object CMakeFiles/cmTC_6f931.dir/CheckFunctionExists.c.o
/usr/bin/x86_64-linux-gnu-gcc-7   -DCHECK_FUNCTION_EXISTS=pthread_create   -o CMakeFiles/cmTC_6f931.dir/CheckFunctionExists.c.o   -c /usr/share/cmake-3.10/Modules/CheckFunctionExists.c
Linking C executable cmTC_6f931
/usr/bin/cmake -E cmake_link_script CMakeFiles/cmTC_6f931.dir/link.txt --verbose=1
/usr/bin/x86_64-linux-gnu-gcc-7  -DCHECK_FUNCTION_EXISTS=pthread_create    -rdynamic CMakeFiles/cmTC_6f931.dir/CheckFunctionExists.c.o  -o cmTC_6f931 -lpthreads 
/usr/bin/ld: 找不到 -lpthreads
collect2: error: ld returned 1 exit status
CMakeFiles/cmTC_6f931.dir/build.make:97: recipe for target 'cmTC_6f931' failed
make[1]: *** [cmTC_6f931] Error 1
make[1]: 离开目录“/home/x/catkin_ws/src/lidar_localization/build/CMakeFiles/CMakeTmp”
Makefile:126: recipe for target 'cmTC_6f931/fast' failed
make: *** [cmTC_6f931/fast] Error 2


