Performing C SOURCE FILE Test CMAKE_HAVE_LIBC_PTHREAD failed with the following output:
Change Dir: /home/kaho/Desktop/多传感器融合定位第四期/第二章 3D激光里程计/陈梓杰 ndt_cpu/lidar_localization/build/CMakeFiles/CMakeTmp

Run Build Command(s):/usr/bin/make cmTC_d0b86/fast && /usr/bin/make -f CMakeFiles/cmTC_d0b86.dir/build.make CMakeFiles/cmTC_d0b86.dir/build
make[1]: 进入目录“/home/kaho/Desktop/多传感器融合定位第四期/第二章 3D激光里程计/陈梓杰 ndt_cpu/lidar_localization/build/CMakeFiles/CMakeTmp”
Building C object CMakeFiles/cmTC_d0b86.dir/src.c.o
/bin/x86_64-linux-gnu-gcc-8   -DCMAKE_HAVE_LIBC_PTHREAD   -o CMakeFiles/cmTC_d0b86.dir/src.c.o   -c "/home/kaho/Desktop/多传感器融合定位第四期/第二章 3D激光里程计/陈梓杰 ndt_cpu/lidar_localization/build/CMakeFiles/CMakeTmp/src.c"
Linking C executable cmTC_d0b86
/usr/bin/cmake -E cmake_link_script CMakeFiles/cmTC_d0b86.dir/link.txt --verbose=1
/bin/x86_64-linux-gnu-gcc-8   -DCMAKE_HAVE_LIBC_PTHREAD    CMakeFiles/cmTC_d0b86.dir/src.c.o  -o cmTC_d0b86 
/usr/bin/ld: CMakeFiles/cmTC_d0b86.dir/src.c.o: in function `main':
src.c:(.text+0x46): undefined reference to `pthread_create'
/usr/bin/ld: src.c:(.text+0x52): undefined reference to `pthread_detach'
/usr/bin/ld: src.c:(.text+0x63): undefined reference to `pthread_join'
collect2: error: ld returned 1 exit status
make[1]: *** [CMakeFiles/cmTC_d0b86.dir/build.make:87：cmTC_d0b86] 错误 1
make[1]: 离开目录“/home/kaho/Desktop/多传感器融合定位第四期/第二章 3D激光里程计/陈梓杰 ndt_cpu/lidar_localization/build/CMakeFiles/CMakeTmp”
make: *** [Makefile:121：cmTC_d0b86/fast] 错误 2


Source file was:
#include <pthread.h>

void* test_func(void* data)
{
  return data;
}

int main(void)
{
  pthread_t thread;
  pthread_create(&thread, NULL, test_func, NULL);
  pthread_detach(thread);
  pthread_join(thread, NULL);
  pthread_atfork(NULL, NULL, NULL);
  pthread_exit(NULL);

  return 0;
}

Determining if the function pthread_create exists in the pthreads failed with the following output:
Change Dir: /home/kaho/Desktop/多传感器融合定位第四期/第二章 3D激光里程计/陈梓杰 ndt_cpu/lidar_localization/build/CMakeFiles/CMakeTmp

Run Build Command(s):/usr/bin/make cmTC_4f171/fast && /usr/bin/make -f CMakeFiles/cmTC_4f171.dir/build.make CMakeFiles/cmTC_4f171.dir/build
make[1]: 进入目录“/home/kaho/Desktop/多传感器融合定位第四期/第二章 3D激光里程计/陈梓杰 ndt_cpu/lidar_localization/build/CMakeFiles/CMakeTmp”
Building C object CMakeFiles/cmTC_4f171.dir/CheckFunctionExists.c.o
/bin/x86_64-linux-gnu-gcc-8   -DCHECK_FUNCTION_EXISTS=pthread_create   -o CMakeFiles/cmTC_4f171.dir/CheckFunctionExists.c.o   -c /usr/share/cmake-3.16/Modules/CheckFunctionExists.c
Linking C executable cmTC_4f171
/usr/bin/cmake -E cmake_link_script CMakeFiles/cmTC_4f171.dir/link.txt --verbose=1
/bin/x86_64-linux-gnu-gcc-8   -DCHECK_FUNCTION_EXISTS=pthread_create    CMakeFiles/cmTC_4f171.dir/CheckFunctionExists.c.o  -o cmTC_4f171  -lpthreads 
/usr/bin/ld: 找不到 -lpthreads
collect2: error: ld returned 1 exit status
make[1]: *** [CMakeFiles/cmTC_4f171.dir/build.make:87：cmTC_4f171] 错误 1
make[1]: 离开目录“/home/kaho/Desktop/多传感器融合定位第四期/第二章 3D激光里程计/陈梓杰 ndt_cpu/lidar_localization/build/CMakeFiles/CMakeTmp”
make: *** [Makefile:121：cmTC_4f171/fast] 错误 2



