The system is: Linux - 5.4.0-100-generic - x86_64
Compiling the C compiler identification source file "CMakeCCompilerId.c" succeeded.
Compiler: /usr/bin/x86_64-linux-gnu-gcc-7 
Build flags: 
Id flags:  

The output was:
0


Compilation of the C compiler identification source "CMakeCCompilerId.c" produced "a.out"

The C compiler identification is GNU, found in "/media/lory/528b0d15-4535-4e6b-842c-5644ad3e33ac/home/kaho/Desktop/多传感器融合定位第四期/第九章 基于优化的建图方法/shenlan_ws/src/lidar_localization/build/CMakeFiles/3.10.2/CompilerIdC/a.out"

Compiling the CXX compiler identification source file "CMakeCXXCompilerId.cpp" succeeded.
Compiler: /usr/bin/x86_64-linux-gnu-g++-7 
Build flags: 
Id flags:  

The output was:
0


Compilation of the CXX compiler identification source "CMakeCXXCompilerId.cpp" produced "a.out"

The CXX compiler identification is GNU, found in "/media/lory/528b0d15-4535-4e6b-842c-5644ad3e33ac/home/kaho/Desktop/多传感器融合定位第四期/第九章 基于优化的建图方法/shenlan_ws/src/lidar_localization/build/CMakeFiles/3.10.2/CompilerIdCXX/a.out"

Determining if the C compiler works passed with the following output:
Change Dir: /media/lory/528b0d15-4535-4e6b-842c-5644ad3e33ac/home/kaho/Desktop/多传感器融合定位第四期/第九章 基于优化的建图方法/shenlan_ws/src/lidar_localization/build/CMakeFiles/CMakeTmp

Run Build Command:"/usr/bin/make" "cmTC_7d959/fast"
/usr/bin/make -f CMakeFiles/cmTC_7d959.dir/build.make CMakeFiles/cmTC_7d959.dir/build
make[1]: 进入目录“/media/lory/528b0d15-4535-4e6b-842c-5644ad3e33ac/home/kaho/Desktop/多传感器融合定位第四期/第九章 基于优化的建图方法/shenlan_ws/src/lidar_localization/build/CMakeFiles/CMakeTmp”
Building C object CMakeFiles/cmTC_7d959.dir/testCCompiler.c.o
/usr/bin/x86_64-linux-gnu-gcc-7    -o CMakeFiles/cmTC_7d959.dir/testCCompiler.c.o   -c "/media/lory/528b0d15-4535-4e6b-842c-5644ad3e33ac/home/kaho/Desktop/多传感器融合定位第四期/第九章 基于优化的建图方法/shenlan_ws/src/lidar_localization/build/CMakeFiles/CMakeTmp/testCCompiler.c"
Linking C executable cmTC_7d959
/usr/bin/cmake -E cmake_link_script CMakeFiles/cmTC_7d959.dir/link.txt --verbose=1
/usr/bin/x86_64-linux-gnu-gcc-7      CMakeFiles/cmTC_7d959.dir/testCCompiler.c.o  -o cmTC_7d959 
make[1]: 离开目录“/media/lory/528b0d15-4535-4e6b-842c-5644ad3e33ac/home/kaho/Desktop/多传感器融合定位第四期/第九章 基于优化的建图方法/shenlan_ws/src/lidar_localization/build/CMakeFiles/CMakeTmp”


Detecting C compiler ABI info compiled with the following output:
Change Dir: /media/lory/528b0d15-4535-4e6b-842c-5644ad3e33ac/home/kaho/Desktop/多传感器融合定位第四期/第九章 基于优化的建图方法/shenlan_ws/src/lidar_localization/build/CMakeFiles/CMakeTmp

Run Build Command:"/usr/bin/make" "cmTC_7b06e/fast"
/usr/bin/make -f CMakeFiles/cmTC_7b06e.dir/build.make CMakeFiles/cmTC_7b06e.dir/build
make[1]: 进入目录“/media/lory/528b0d15-4535-4e6b-842c-5644ad3e33ac/home/kaho/Desktop/多传感器融合定位第四期/第九章 基于优化的建图方法/shenlan_ws/src/lidar_localization/build/CMakeFiles/CMakeTmp”
Building C object CMakeFiles/cmTC_7b06e.dir/CMakeCCompilerABI.c.o
/usr/bin/x86_64-linux-gnu-gcc-7    -o CMakeFiles/cmTC_7b06e.dir/CMakeCCompilerABI.c.o   -c /usr/share/cmake-3.10/Modules/CMakeCCompilerABI.c
Linking C executable cmTC_7b06e
/usr/bin/cmake -E cmake_link_script CMakeFiles/cmTC_7b06e.dir/link.txt --verbose=1
/usr/bin/x86_64-linux-gnu-gcc-7     -v CMakeFiles/cmTC_7b06e.dir/CMakeCCompilerABI.c.o  -o cmTC_7b06e 
Using built-in specs.
COLLECT_GCC=/usr/bin/x86_64-linux-gnu-gcc-7
COLLECT_LTO_WRAPPER=/usr/lib/gcc/x86_64-linux-gnu/7/lto-wrapper
OFFLOAD_TARGET_NAMES=nvptx-none
OFFLOAD_TARGET_DEFAULT=1
Target: x86_64-linux-gnu
Configured with: ../src/configure -v --with-pkgversion='Ubuntu 7.5.0-3ubuntu1~18.04' --with-bugurl=file:///usr/share/doc/gcc-7/README.Bugs --enable-languages=c,ada,c++,go,brig,d,fortran,objc,obj-c++ --prefix=/usr --with-gcc-major-version-only --program-suffix=-7 --program-prefix=x86_64-linux-gnu- --enable-shared --enable-linker-build-id --libexecdir=/usr/lib --without-included-gettext --enable-threads=posix --libdir=/usr/lib --enable-nls --enable-bootstrap --enable-clocale=gnu --enable-libstdcxx-debug --enable-libstdcxx-time=yes --with-default-libstdcxx-abi=new --enable-gnu-unique-object --disable-vtable-verify --enable-libmpx --enable-plugin --enable-default-pie --with-system-zlib --with-target-system-zlib --enable-objc-gc=auto --enable-multiarch --disable-werror --with-arch-32=i686 --with-abi=m64 --with-multilib-list=m32,m64,mx32 --enable-multilib --with-tune=generic --enable-offload-targets=nvptx-none --without-cuda-driver --enable-checking=release --build=x86_64-linux-gnu --host=x86_64-linux-gnu --target=x86_64-linux-gnu
Thread model: posix
gcc version 7.5.0 (Ubuntu 7.5.0-3ubuntu1~18.04) 
COMPILER_PATH=/usr/lib/gcc/x86_64-linux-gnu/7/:/usr/lib/gcc/x86_64-linux-gnu/7/:/usr/lib/gcc/x86_64-linux-gnu/:/usr/lib/gcc/x86_64-linux-gnu/7/:/usr/lib/gcc/x86_64-linux-gnu/
LIBRARY_PATH=/usr/lib/gcc/x86_64-linux-gnu/7/:/usr/lib/gcc/x86_64-linux-gnu/7/../../../x86_64-linux-gnu/:/usr/lib/gcc/x86_64-linux-gnu/7/../../../../lib/:/lib/x86_64-linux-gnu/:/lib/../lib/:/usr/lib/x86_64-linux-gnu/:/usr/lib/../lib/:/usr/lib/gcc/x86_64-linux-gnu/7/../../../:/lib/:/usr/lib/
COLLECT_GCC_OPTIONS='-v' '-o' 'cmTC_7b06e' '-mtune=generic' '-march=x86-64'
 /usr/lib/gcc/x86_64-linux-gnu/7/collect2 -plugin /usr/lib/gcc/x86_64-linux-gnu/7/liblto_plugin.so -plugin-opt=/usr/lib/gcc/x86_64-linux-gnu/7/lto-wrapper -plugin-opt=-fresolution=/tmp/ccts5tWu.res -plugin-opt=-pass-through=-lgcc -plugin-opt=-pass-through=-lgcc_s -plugin-opt=-pass-through=-lc -plugin-opt=-pass-through=-lgcc -plugin-opt=-pass-through=-lgcc_s --build-id --eh-frame-hdr -m elf_x86_64 --hash-style=gnu --as-needed -dynamic-linker /lib64/ld-linux-x86-64.so.2 -pie -z now -z relro -o cmTC_7b06e /usr/lib/gcc/x86_64-linux-gnu/7/../../../x86_64-linux-gnu/Scrt1.o /usr/lib/gcc/x86_64-linux-gnu/7/../../../x86_64-linux-gnu/crti.o /usr/lib/gcc/x86_64-linux-gnu/7/crtbeginS.o -L/usr/lib/gcc/x86_64-linux-gnu/7 -L/usr/lib/gcc/x86_64-linux-gnu/7/../../../x86_64-linux-gnu -L/usr/lib/gcc/x86_64-linux-gnu/7/../../../../lib -L/lib/x86_64-linux-gnu -L/lib/../lib -L/usr/lib/x86_64-linux-gnu -L/usr/lib/../lib -L/usr/lib/gcc/x86_64-linux-gnu/7/../../.. CMakeFiles/cmTC_7b06e.dir/CMakeCCompilerABI.c.o -lgcc --push-state --as-needed -lgcc_s --pop-state -lc -lgcc --push-state --as-needed -lgcc_s --pop-state /usr/lib/gcc/x86_64-linux-gnu/7/crtendS.o /usr/lib/gcc/x86_64-linux-gnu/7/../../../x86_64-linux-gnu/crtn.o
COLLECT_GCC_OPTIONS='-v' '-o' 'cmTC_7b06e' '-mtune=generic' '-march=x86-64'
make[1]: 离开目录“/media/lory/528b0d15-4535-4e6b-842c-5644ad3e33ac/home/kaho/Desktop/多传感器融合定位第四期/第九章 基于优化的建图方法/shenlan_ws/src/lidar_localization/build/CMakeFiles/CMakeTmp”


Parsed C implicit link information from above output:
  link line regex: [^( *|.*[/\])(ld|CMAKE_LINK_STARTFILE-NOTFOUND|([^/\]+-)?ld|collect2)[^/\]*( |$)]
  ignore line: [Change Dir: /media/lory/528b0d15-4535-4e6b-842c-5644ad3e33ac/home/kaho/Desktop/多传感器融合定位第四期/第九章 基于优化的建图方法/shenlan_ws/src/lidar_localization/build/CMakeFiles/CMakeTmp]
  ignore line: []
  ignore line: [Run Build Command:"/usr/bin/make" "cmTC_7b06e/fast"]
  ignore line: [/usr/bin/make -f CMakeFiles/cmTC_7b06e.dir/build.make CMakeFiles/cmTC_7b06e.dir/build]
  ignore line: [make[1]: 进入目录“/media/lory/528b0d15-4535-4e6b-842c-5644ad3e33ac/home/kaho/Desktop/多传感器融合定位第四期/第九章 基于优化的建图方法/shenlan_ws/src/lidar_localization/build/CMakeFiles/CMakeTmp”]
  ignore line: [Building C object CMakeFiles/cmTC_7b06e.dir/CMakeCCompilerABI.c.o]
  ignore line: [/usr/bin/x86_64-linux-gnu-gcc-7    -o CMakeFiles/cmTC_7b06e.dir/CMakeCCompilerABI.c.o   -c /usr/share/cmake-3.10/Modules/CMakeCCompilerABI.c]
  ignore line: [Linking C executable cmTC_7b06e]
  ignore line: [/usr/bin/cmake -E cmake_link_script CMakeFiles/cmTC_7b06e.dir/link.txt --verbose=1]
  ignore line: [/usr/bin/x86_64-linux-gnu-gcc-7     -v CMakeFiles/cmTC_7b06e.dir/CMakeCCompilerABI.c.o  -o cmTC_7b06e ]
  ignore line: [Using built-in specs.]
  ignore line: [COLLECT_GCC=/usr/bin/x86_64-linux-gnu-gcc-7]
  ignore line: [COLLECT_LTO_WRAPPER=/usr/lib/gcc/x86_64-linux-gnu/7/lto-wrapper]
  ignore line: [OFFLOAD_TARGET_NAMES=nvptx-none]
  ignore line: [OFFLOAD_TARGET_DEFAULT=1]
  ignore line: [Target: x86_64-linux-gnu]
  ignore line: [Configured with: ../src/configure -v --with-pkgversion='Ubuntu 7.5.0-3ubuntu1~18.04' --with-bugurl=file:///usr/share/doc/gcc-7/README.Bugs --enable-languages=c,ada,c++,go,brig,d,fortran,objc,obj-c++ --prefix=/usr --with-gcc-major-version-only --program-suffix=-7 --program-prefix=x86_64-linux-gnu- --enable-shared --enable-linker-build-id --libexecdir=/usr/lib --without-included-gettext --enable-threads=posix --libdir=/usr/lib --enable-nls --enable-bootstrap --enable-clocale=gnu --enable-libstdcxx-debug --enable-libstdcxx-time=yes --with-default-libstdcxx-abi=new --enable-gnu-unique-object --disable-vtable-verify --enable-libmpx --enable-plugin --enable-default-pie --with-system-zlib --with-target-system-zlib --enable-objc-gc=auto --enable-multiarch --disable-werror --with-arch-32=i686 --with-abi=m64 --with-multilib-list=m32,m64,mx32 --enable-multilib --with-tune=generic --enable-offload-targets=nvptx-none --without-cuda-driver --enable-checking=release --build=x86_64-linux-gnu --host=x86_64-linux-gnu --target=x86_64-linux-gnu]
  ignore line: [Thread model: posix]
  ignore line: [gcc version 7.5.0 (Ubuntu 7.5.0-3ubuntu1~18.04) ]
  ignore line: [COMPILER_PATH=/usr/lib/gcc/x86_64-linux-gnu/7/:/usr/lib/gcc/x86_64-linux-gnu/7/:/usr/lib/gcc/x86_64-linux-gnu/:/usr/lib/gcc/x86_64-linux-gnu/7/:/usr/lib/gcc/x86_64-linux-gnu/]
  ignore line: [LIBRARY_PATH=/usr/lib/gcc/x86_64-linux-gnu/7/:/usr/lib/gcc/x86_64-linux-gnu/7/../../../x86_64-linux-gnu/:/usr/lib/gcc/x86_64-linux-gnu/7/../../../../lib/:/lib/x86_64-linux-gnu/:/lib/../lib/:/usr/lib/x86_64-linux-gnu/:/usr/lib/../lib/:/usr/lib/gcc/x86_64-linux-gnu/7/../../../:/lib/:/usr/lib/]
  ignore line: [COLLECT_GCC_OPTIONS='-v' '-o' 'cmTC_7b06e' '-mtune=generic' '-march=x86-64']
  link line: [ /usr/lib/gcc/x86_64-linux-gnu/7/collect2 -plugin /usr/lib/gcc/x86_64-linux-gnu/7/liblto_plugin.so -plugin-opt=/usr/lib/gcc/x86_64-linux-gnu/7/lto-wrapper -plugin-opt=-fresolution=/tmp/ccts5tWu.res -plugin-opt=-pass-through=-lgcc -plugin-opt=-pass-through=-lgcc_s -plugin-opt=-pass-through=-lc -plugin-opt=-pass-through=-lgcc -plugin-opt=-pass-through=-lgcc_s --build-id --eh-frame-hdr -m elf_x86_64 --hash-style=gnu --as-needed -dynamic-linker /lib64/ld-linux-x86-64.so.2 -pie -z now -z relro -o cmTC_7b06e /usr/lib/gcc/x86_64-linux-gnu/7/../../../x86_64-linux-gnu/Scrt1.o /usr/lib/gcc/x86_64-linux-gnu/7/../../../x86_64-linux-gnu/crti.o /usr/lib/gcc/x86_64-linux-gnu/7/crtbeginS.o -L/usr/lib/gcc/x86_64-linux-gnu/7 -L/usr/lib/gcc/x86_64-linux-gnu/7/../../../x86_64-linux-gnu -L/usr/lib/gcc/x86_64-linux-gnu/7/../../../../lib -L/lib/x86_64-linux-gnu -L/lib/../lib -L/usr/lib/x86_64-linux-gnu -L/usr/lib/../lib -L/usr/lib/gcc/x86_64-linux-gnu/7/../../.. CMakeFiles/cmTC_7b06e.dir/CMakeCCompilerABI.c.o -lgcc --push-state --as-needed -lgcc_s --pop-state -lc -lgcc --push-state --as-needed -lgcc_s --pop-state /usr/lib/gcc/x86_64-linux-gnu/7/crtendS.o /usr/lib/gcc/x86_64-linux-gnu/7/../../../x86_64-linux-gnu/crtn.o]
    arg [/usr/lib/gcc/x86_64-linux-gnu/7/collect2] ==> ignore
    arg [-plugin] ==> ignore
    arg [/usr/lib/gcc/x86_64-linux-gnu/7/liblto_plugin.so] ==> ignore
    arg [-plugin-opt=/usr/lib/gcc/x86_64-linux-gnu/7/lto-wrapper] ==> ignore
    arg [-plugin-opt=-fresolution=/tmp/ccts5tWu.res] ==> ignore
    arg [-plugin-opt=-pass-through=-lgcc] ==> ignore
    arg [-plugin-opt=-pass-through=-lgcc_s] ==> ignore
    arg [-plugin-opt=-pass-through=-lc] ==> ignore
    arg [-plugin-opt=-pass-through=-lgcc] ==> ignore
    arg [-plugin-opt=-pass-through=-lgcc_s] ==> ignore
    arg [--build-id] ==> ignore
    arg [--eh-frame-hdr] ==> ignore
    arg [-m] ==> ignore
    arg [elf_x86_64] ==> ignore
    arg [--hash-style=gnu] ==> ignore
    arg [--as-needed] ==> ignore
    arg [-dynamic-linker] ==> ignore
    arg [/lib64/ld-linux-x86-64.so.2] ==> ignore
    arg [-pie] ==> ignore
    arg [-znow] ==> ignore
    arg [-zrelro] ==> ignore
    arg [-o] ==> ignore
    arg [cmTC_7b06e] ==> ignore
    arg [/usr/lib/gcc/x86_64-linux-gnu/7/../../../x86_64-linux-gnu/Scrt1.o] ==> ignore
    arg [/usr/lib/gcc/x86_64-linux-gnu/7/../../../x86_64-linux-gnu/crti.o] ==> ignore
    arg [/usr/lib/gcc/x86_64-linux-gnu/7/crtbeginS.o] ==> ignore
    arg [-L/usr/lib/gcc/x86_64-linux-gnu/7] ==> dir [/usr/lib/gcc/x86_64-linux-gnu/7]
    arg [-L/usr/lib/gcc/x86_64-linux-gnu/7/../../../x86_64-linux-gnu] ==> dir [/usr/lib/gcc/x86_64-linux-gnu/7/../../../x86_64-linux-gnu]
    arg [-L/usr/lib/gcc/x86_64-linux-gnu/7/../../../../lib] ==> dir [/usr/lib/gcc/x86_64-linux-gnu/7/../../../../lib]
    arg [-L/lib/x86_64-linux-gnu] ==> dir [/lib/x86_64-linux-gnu]
    arg [-L/lib/../lib] ==> dir [/lib/../lib]
    arg [-L/usr/lib/x86_64-linux-gnu] ==> dir [/usr/lib/x86_64-linux-gnu]
    arg [-L/usr/lib/../lib] ==> dir [/usr/lib/../lib]
    arg [-L/usr/lib/gcc/x86_64-linux-gnu/7/../../..] ==> dir [/usr/lib/gcc/x86_64-linux-gnu/7/../../..]
    arg [CMakeFiles/cmTC_7b06e.dir/CMakeCCompilerABI.c.o] ==> ignore
    arg [-lgcc] ==> lib [gcc]
    arg [--push-state] ==> ignore
    arg [--as-needed] ==> ignore
    arg [-lgcc_s] ==> lib [gcc_s]
    arg [--pop-state] ==> ignore
    arg [-lc] ==> lib [c]
    arg [-lgcc] ==> lib [gcc]
    arg [--push-state] ==> ignore
    arg [--as-needed] ==> ignore
    arg [-lgcc_s] ==> lib [gcc_s]
    arg [--pop-state] ==> ignore
    arg [/usr/lib/gcc/x86_64-linux-gnu/7/crtendS.o] ==> ignore
    arg [/usr/lib/gcc/x86_64-linux-gnu/7/../../../x86_64-linux-gnu/crtn.o] ==> ignore
  collapse library dir [/usr/lib/gcc/x86_64-linux-gnu/7] ==> [/usr/lib/gcc/x86_64-linux-gnu/7]
  collapse library dir [/usr/lib/gcc/x86_64-linux-gnu/7/../../../x86_64-linux-gnu] ==> [/usr/lib/x86_64-linux-gnu]
  collapse library dir [/usr/lib/gcc/x86_64-linux-gnu/7/../../../../lib] ==> [/usr/lib]
  collapse library dir [/lib/x86_64-linux-gnu] ==> [/lib/x86_64-linux-gnu]
  collapse library dir [/lib/../lib] ==> [/lib]
  collapse library dir [/usr/lib/x86_64-linux-gnu] ==> [/usr/lib/x86_64-linux-gnu]
  collapse library dir [/usr/lib/../lib] ==> [/usr/lib]
  collapse library dir [/usr/lib/gcc/x86_64-linux-gnu/7/../../..] ==> [/usr/lib]
  implicit libs: [gcc;gcc_s;c;gcc;gcc_s]
  implicit dirs: [/usr/lib/gcc/x86_64-linux-gnu/7;/usr/lib/x86_64-linux-gnu;/usr/lib;/lib/x86_64-linux-gnu;/lib]
  implicit fwks: []




Detecting C [-std=c11] compiler features compiled with the following output:
Change Dir: /media/lory/528b0d15-4535-4e6b-842c-5644ad3e33ac/home/kaho/Desktop/多传感器融合定位第四期/第九章 基于优化的建图方法/shenlan_ws/src/lidar_localization/build/CMakeFiles/CMakeTmp

Run Build Command:"/usr/bin/make" "cmTC_2d510/fast"
/usr/bin/make -f CMakeFiles/cmTC_2d510.dir/build.make CMakeFiles/cmTC_2d510.dir/build
make[1]: 进入目录“/media/lory/528b0d15-4535-4e6b-842c-5644ad3e33ac/home/kaho/Desktop/多传感器融合定位第四期/第九章 基于优化的建图方法/shenlan_ws/src/lidar_localization/build/CMakeFiles/CMakeTmp”
Building C object CMakeFiles/cmTC_2d510.dir/feature_tests.c.o
/usr/bin/x86_64-linux-gnu-gcc-7   -std=c11 -o CMakeFiles/cmTC_2d510.dir/feature_tests.c.o   -c "/media/lory/528b0d15-4535-4e6b-842c-5644ad3e33ac/home/kaho/Desktop/多传感器融合定位第四期/第九章 基于优化的建图方法/shenlan_ws/src/lidar_localization/build/CMakeFiles/feature_tests.c"
Linking C executable cmTC_2d510
/usr/bin/cmake -E cmake_link_script CMakeFiles/cmTC_2d510.dir/link.txt --verbose=1
/usr/bin/x86_64-linux-gnu-gcc-7      CMakeFiles/cmTC_2d510.dir/feature_tests.c.o  -o cmTC_2d510 
make[1]: 离开目录“/media/lory/528b0d15-4535-4e6b-842c-5644ad3e33ac/home/kaho/Desktop/多传感器融合定位第四期/第九章 基于优化的建图方法/shenlan_ws/src/lidar_localization/build/CMakeFiles/CMakeTmp”


    Feature record: C_FEATURE:1c_function_prototypes
    Feature record: C_FEATURE:1c_restrict
    Feature record: C_FEATURE:1c_static_assert
    Feature record: C_FEATURE:1c_variadic_macros


Detecting C [-std=c99] compiler features compiled with the following output:
Change Dir: /media/lory/528b0d15-4535-4e6b-842c-5644ad3e33ac/home/kaho/Desktop/多传感器融合定位第四期/第九章 基于优化的建图方法/shenlan_ws/src/lidar_localization/build/CMakeFiles/CMakeTmp

Run Build Command:"/usr/bin/make" "cmTC_f1ef2/fast"
/usr/bin/make -f CMakeFiles/cmTC_f1ef2.dir/build.make CMakeFiles/cmTC_f1ef2.dir/build
make[1]: 进入目录“/media/lory/528b0d15-4535-4e6b-842c-5644ad3e33ac/home/kaho/Desktop/多传感器融合定位第四期/第九章 基于优化的建图方法/shenlan_ws/src/lidar_localization/build/CMakeFiles/CMakeTmp”
Building C object CMakeFiles/cmTC_f1ef2.dir/feature_tests.c.o
/usr/bin/x86_64-linux-gnu-gcc-7   -std=c99 -o CMakeFiles/cmTC_f1ef2.dir/feature_tests.c.o   -c "/media/lory/528b0d15-4535-4e6b-842c-5644ad3e33ac/home/kaho/Desktop/多传感器融合定位第四期/第九章 基于优化的建图方法/shenlan_ws/src/lidar_localization/build/CMakeFiles/feature_tests.c"
Linking C executable cmTC_f1ef2
/usr/bin/cmake -E cmake_link_script CMakeFiles/cmTC_f1ef2.dir/link.txt --verbose=1
/usr/bin/x86_64-linux-gnu-gcc-7      CMakeFiles/cmTC_f1ef2.dir/feature_tests.c.o  -o cmTC_f1ef2 
make[1]: 离开目录“/media/lory/528b0d15-4535-4e6b-842c-5644ad3e33ac/home/kaho/Desktop/多传感器融合定位第四期/第九章 基于优化的建图方法/shenlan_ws/src/lidar_localization/build/CMakeFiles/CMakeTmp”


    Feature record: C_FEATURE:1c_function_prototypes
    Feature record: C_FEATURE:1c_restrict
    Feature record: C_FEATURE:0c_static_assert
    Feature record: C_FEATURE:1c_variadic_macros


Detecting C [-std=c90] compiler features compiled with the following output:
Change Dir: /media/lory/528b0d15-4535-4e6b-842c-5644ad3e33ac/home/kaho/Desktop/多传感器融合定位第四期/第九章 基于优化的建图方法/shenlan_ws/src/lidar_localization/build/CMakeFiles/CMakeTmp

Run Build Command:"/usr/bin/make" "cmTC_7acba/fast"
/usr/bin/make -f CMakeFiles/cmTC_7acba.dir/build.make CMakeFiles/cmTC_7acba.dir/build
make[1]: 进入目录“/media/lory/528b0d15-4535-4e6b-842c-5644ad3e33ac/home/kaho/Desktop/多传感器融合定位第四期/第九章 基于优化的建图方法/shenlan_ws/src/lidar_localization/build/CMakeFiles/CMakeTmp”
Building C object CMakeFiles/cmTC_7acba.dir/feature_tests.c.o
/usr/bin/x86_64-linux-gnu-gcc-7   -std=c90 -o CMakeFiles/cmTC_7acba.dir/feature_tests.c.o   -c "/media/lory/528b0d15-4535-4e6b-842c-5644ad3e33ac/home/kaho/Desktop/多传感器融合定位第四期/第九章 基于优化的建图方法/shenlan_ws/src/lidar_localization/build/CMakeFiles/feature_tests.c"
Linking C executable cmTC_7acba
/usr/bin/cmake -E cmake_link_script CMakeFiles/cmTC_7acba.dir/link.txt --verbose=1
/usr/bin/x86_64-linux-gnu-gcc-7      CMakeFiles/cmTC_7acba.dir/feature_tests.c.o  -o cmTC_7acba 
make[1]: 离开目录“/media/lory/528b0d15-4535-4e6b-842c-5644ad3e33ac/home/kaho/Desktop/多传感器融合定位第四期/第九章 基于优化的建图方法/shenlan_ws/src/lidar_localization/build/CMakeFiles/CMakeTmp”


    Feature record: C_FEATURE:1c_function_prototypes
    Feature record: C_FEATURE:0c_restrict
    Feature record: C_FEATURE:0c_static_assert
    Feature record: C_FEATURE:0c_variadic_macros
Determining if the CXX compiler works passed with the following output:
Change Dir: /media/lory/528b0d15-4535-4e6b-842c-5644ad3e33ac/home/kaho/Desktop/多传感器融合定位第四期/第九章 基于优化的建图方法/shenlan_ws/src/lidar_localization/build/CMakeFiles/CMakeTmp

Run Build Command:"/usr/bin/make" "cmTC_beb34/fast"
/usr/bin/make -f CMakeFiles/cmTC_beb34.dir/build.make CMakeFiles/cmTC_beb34.dir/build
make[1]: 进入目录“/media/lory/528b0d15-4535-4e6b-842c-5644ad3e33ac/home/kaho/Desktop/多传感器融合定位第四期/第九章 基于优化的建图方法/shenlan_ws/src/lidar_localization/build/CMakeFiles/CMakeTmp”
Building CXX object CMakeFiles/cmTC_beb34.dir/testCXXCompiler.cxx.o
/usr/bin/x86_64-linux-gnu-g++-7     -o CMakeFiles/cmTC_beb34.dir/testCXXCompiler.cxx.o -c "/media/lory/528b0d15-4535-4e6b-842c-5644ad3e33ac/home/kaho/Desktop/多传感器融合定位第四期/第九章 基于优化的建图方法/shenlan_ws/src/lidar_localization/build/CMakeFiles/CMakeTmp/testCXXCompiler.cxx"
Linking CXX executable cmTC_beb34
/usr/bin/cmake -E cmake_link_script CMakeFiles/cmTC_beb34.dir/link.txt --verbose=1
/usr/bin/x86_64-linux-gnu-g++-7       CMakeFiles/cmTC_beb34.dir/testCXXCompiler.cxx.o  -o cmTC_beb34 
make[1]: 离开目录“/media/lory/528b0d15-4535-4e6b-842c-5644ad3e33ac/home/kaho/Desktop/多传感器融合定位第四期/第九章 基于优化的建图方法/shenlan_ws/src/lidar_localization/build/CMakeFiles/CMakeTmp”


Detecting CXX compiler ABI info compiled with the following output:
Change Dir: /media/lory/528b0d15-4535-4e6b-842c-5644ad3e33ac/home/kaho/Desktop/多传感器融合定位第四期/第九章 基于优化的建图方法/shenlan_ws/src/lidar_localization/build/CMakeFiles/CMakeTmp

Run Build Command:"/usr/bin/make" "cmTC_1478b/fast"
/usr/bin/make -f CMakeFiles/cmTC_1478b.dir/build.make CMakeFiles/cmTC_1478b.dir/build
make[1]: 进入目录“/media/lory/528b0d15-4535-4e6b-842c-5644ad3e33ac/home/kaho/Desktop/多传感器融合定位第四期/第九章 基于优化的建图方法/shenlan_ws/src/lidar_localization/build/CMakeFiles/CMakeTmp”
Building CXX object CMakeFiles/cmTC_1478b.dir/CMakeCXXCompilerABI.cpp.o
/usr/bin/x86_64-linux-gnu-g++-7     -o CMakeFiles/cmTC_1478b.dir/CMakeCXXCompilerABI.cpp.o -c /usr/share/cmake-3.10/Modules/CMakeCXXCompilerABI.cpp
Linking CXX executable cmTC_1478b
/usr/bin/cmake -E cmake_link_script CMakeFiles/cmTC_1478b.dir/link.txt --verbose=1
/usr/bin/x86_64-linux-gnu-g++-7      -v CMakeFiles/cmTC_1478b.dir/CMakeCXXCompilerABI.cpp.o  -o cmTC_1478b 
Using built-in specs.
COLLECT_GCC=/usr/bin/x86_64-linux-gnu-g++-7
COLLECT_LTO_WRAPPER=/usr/lib/gcc/x86_64-linux-gnu/7/lto-wrapper
OFFLOAD_TARGET_NAMES=nvptx-none
OFFLOAD_TARGET_DEFAULT=1
Target: x86_64-linux-gnu
Configured with: ../src/configure -v --with-pkgversion='Ubuntu 7.5.0-3ubuntu1~18.04' --with-bugurl=file:///usr/share/doc/gcc-7/README.Bugs --enable-languages=c,ada,c++,go,brig,d,fortran,objc,obj-c++ --prefix=/usr --with-gcc-major-version-only --program-suffix=-7 --program-prefix=x86_64-linux-gnu- --enable-shared --enable-linker-build-id --libexecdir=/usr/lib --without-included-gettext --enable-threads=posix --libdir=/usr/lib --enable-nls --enable-bootstrap --enable-clocale=gnu --enable-libstdcxx-debug --enable-libstdcxx-time=yes --with-default-libstdcxx-abi=new --enable-gnu-unique-object --disable-vtable-verify --enable-libmpx --enable-plugin --enable-default-pie --with-system-zlib --with-target-system-zlib --enable-objc-gc=auto --enable-multiarch --disable-werror --with-arch-32=i686 --with-abi=m64 --with-multilib-list=m32,m64,mx32 --enable-multilib --with-tune=generic --enable-offload-targets=nvptx-none --without-cuda-driver --enable-checking=release --build=x86_64-linux-gnu --host=x86_64-linux-gnu --target=x86_64-linux-gnu
Thread model: posix
gcc version 7.5.0 (Ubuntu 7.5.0-3ubuntu1~18.04) 
COMPILER_PATH=/usr/lib/gcc/x86_64-linux-gnu/7/:/usr/lib/gcc/x86_64-linux-gnu/7/:/usr/lib/gcc/x86_64-linux-gnu/:/usr/lib/gcc/x86_64-linux-gnu/7/:/usr/lib/gcc/x86_64-linux-gnu/
LIBRARY_PATH=/usr/lib/gcc/x86_64-linux-gnu/7/:/usr/lib/gcc/x86_64-linux-gnu/7/../../../x86_64-linux-gnu/:/usr/lib/gcc/x86_64-linux-gnu/7/../../../../lib/:/lib/x86_64-linux-gnu/:/lib/../lib/:/usr/lib/x86_64-linux-gnu/:/usr/lib/../lib/:/usr/lib/gcc/x86_64-linux-gnu/7/../../../:/lib/:/usr/lib/
COLLECT_GCC_OPTIONS='-v' '-o' 'cmTC_1478b' '-shared-libgcc' '-mtune=generic' '-march=x86-64'
 /usr/lib/gcc/x86_64-linux-gnu/7/collect2 -plugin /usr/lib/gcc/x86_64-linux-gnu/7/liblto_plugin.so -plugin-opt=/usr/lib/gcc/x86_64-linux-gnu/7/lto-wrapper -plugin-opt=-fresolution=/tmp/ccL8FYw9.res -plugin-opt=-pass-through=-lgcc_s -plugin-opt=-pass-through=-lgcc -plugin-opt=-pass-through=-lc -plugin-opt=-pass-through=-lgcc_s -plugin-opt=-pass-through=-lgcc --build-id --eh-frame-hdr -m elf_x86_64 --hash-style=gnu --as-needed -dynamic-linker /lib64/ld-linux-x86-64.so.2 -pie -z now -z relro -o cmTC_1478b /usr/lib/gcc/x86_64-linux-gnu/7/../../../x86_64-linux-gnu/Scrt1.o /usr/lib/gcc/x86_64-linux-gnu/7/../../../x86_64-linux-gnu/crti.o /usr/lib/gcc/x86_64-linux-gnu/7/crtbeginS.o -L/usr/lib/gcc/x86_64-linux-gnu/7 -L/usr/lib/gcc/x86_64-linux-gnu/7/../../../x86_64-linux-gnu -L/usr/lib/gcc/x86_64-linux-gnu/7/../../../../lib -L/lib/x86_64-linux-gnu -L/lib/../lib -L/usr/lib/x86_64-linux-gnu -L/usr/lib/../lib -L/usr/lib/gcc/x86_64-linux-gnu/7/../../.. CMakeFiles/cmTC_1478b.dir/CMakeCXXCompilerABI.cpp.o -lstdc++ -lm -lgcc_s -lgcc -lc -lgcc_s -lgcc /usr/lib/gcc/x86_64-linux-gnu/7/crtendS.o /usr/lib/gcc/x86_64-linux-gnu/7/../../../x86_64-linux-gnu/crtn.o
COLLECT_GCC_OPTIONS='-v' '-o' 'cmTC_1478b' '-shared-libgcc' '-mtune=generic' '-march=x86-64'
make[1]: 离开目录“/media/lory/528b0d15-4535-4e6b-842c-5644ad3e33ac/home/kaho/Desktop/多传感器融合定位第四期/第九章 基于优化的建图方法/shenlan_ws/src/lidar_localization/build/CMakeFiles/CMakeTmp”


Parsed CXX implicit link information from above output:
  link line regex: [^( *|.*[/\])(ld|CMAKE_LINK_STARTFILE-NOTFOUND|([^/\]+-)?ld|collect2)[^/\]*( |$)]
  ignore line: [Change Dir: /media/lory/528b0d15-4535-4e6b-842c-5644ad3e33ac/home/kaho/Desktop/多传感器融合定位第四期/第九章 基于优化的建图方法/shenlan_ws/src/lidar_localization/build/CMakeFiles/CMakeTmp]
  ignore line: []
  ignore line: [Run Build Command:"/usr/bin/make" "cmTC_1478b/fast"]
  ignore line: [/usr/bin/make -f CMakeFiles/cmTC_1478b.dir/build.make CMakeFiles/cmTC_1478b.dir/build]
  ignore line: [make[1]: 进入目录“/media/lory/528b0d15-4535-4e6b-842c-5644ad3e33ac/home/kaho/Desktop/多传感器融合定位第四期/第九章 基于优化的建图方法/shenlan_ws/src/lidar_localization/build/CMakeFiles/CMakeTmp”]
  ignore line: [Building CXX object CMakeFiles/cmTC_1478b.dir/CMakeCXXCompilerABI.cpp.o]
  ignore line: [/usr/bin/x86_64-linux-gnu-g++-7     -o CMakeFiles/cmTC_1478b.dir/CMakeCXXCompilerABI.cpp.o -c /usr/share/cmake-3.10/Modules/CMakeCXXCompilerABI.cpp]
  ignore line: [Linking CXX executable cmTC_1478b]
  ignore line: [/usr/bin/cmake -E cmake_link_script CMakeFiles/cmTC_1478b.dir/link.txt --verbose=1]
  ignore line: [/usr/bin/x86_64-linux-gnu-g++-7      -v CMakeFiles/cmTC_1478b.dir/CMakeCXXCompilerABI.cpp.o  -o cmTC_1478b ]
  ignore line: [Using built-in specs.]
  ignore line: [COLLECT_GCC=/usr/bin/x86_64-linux-gnu-g++-7]
  ignore line: [COLLECT_LTO_WRAPPER=/usr/lib/gcc/x86_64-linux-gnu/7/lto-wrapper]
  ignore line: [OFFLOAD_TARGET_NAMES=nvptx-none]
  ignore line: [OFFLOAD_TARGET_DEFAULT=1]
  ignore line: [Target: x86_64-linux-gnu]
  ignore line: [Configured with: ../src/configure -v --with-pkgversion='Ubuntu 7.5.0-3ubuntu1~18.04' --with-bugurl=file:///usr/share/doc/gcc-7/README.Bugs --enable-languages=c,ada,c++,go,brig,d,fortran,objc,obj-c++ --prefix=/usr --with-gcc-major-version-only --program-suffix=-7 --program-prefix=x86_64-linux-gnu- --enable-shared --enable-linker-build-id --libexecdir=/usr/lib --without-included-gettext --enable-threads=posix --libdir=/usr/lib --enable-nls --enable-bootstrap --enable-clocale=gnu --enable-libstdcxx-debug --enable-libstdcxx-time=yes --with-default-libstdcxx-abi=new --enable-gnu-unique-object --disable-vtable-verify --enable-libmpx --enable-plugin --enable-default-pie --with-system-zlib --with-target-system-zlib --enable-objc-gc=auto --enable-multiarch --disable-werror --with-arch-32=i686 --with-abi=m64 --with-multilib-list=m32,m64,mx32 --enable-multilib --with-tune=generic --enable-offload-targets=nvptx-none --without-cuda-driver --enable-checking=release --build=x86_64-linux-gnu --host=x86_64-linux-gnu --target=x86_64-linux-gnu]
  ignore line: [Thread model: posix]
  ignore line: [gcc version 7.5.0 (Ubuntu 7.5.0-3ubuntu1~18.04) ]
  ignore line: [COMPILER_PATH=/usr/lib/gcc/x86_64-linux-gnu/7/:/usr/lib/gcc/x86_64-linux-gnu/7/:/usr/lib/gcc/x86_64-linux-gnu/:/usr/lib/gcc/x86_64-linux-gnu/7/:/usr/lib/gcc/x86_64-linux-gnu/]
  ignore line: [LIBRARY_PATH=/usr/lib/gcc/x86_64-linux-gnu/7/:/usr/lib/gcc/x86_64-linux-gnu/7/../../../x86_64-linux-gnu/:/usr/lib/gcc/x86_64-linux-gnu/7/../../../../lib/:/lib/x86_64-linux-gnu/:/lib/../lib/:/usr/lib/x86_64-linux-gnu/:/usr/lib/../lib/:/usr/lib/gcc/x86_64-linux-gnu/7/../../../:/lib/:/usr/lib/]
  ignore line: [COLLECT_GCC_OPTIONS='-v' '-o' 'cmTC_1478b' '-shared-libgcc' '-mtune=generic' '-march=x86-64']
  link line: [ /usr/lib/gcc/x86_64-linux-gnu/7/collect2 -plugin /usr/lib/gcc/x86_64-linux-gnu/7/liblto_plugin.so -plugin-opt=/usr/lib/gcc/x86_64-linux-gnu/7/lto-wrapper -plugin-opt=-fresolution=/tmp/ccL8FYw9.res -plugin-opt=-pass-through=-lgcc_s -plugin-opt=-pass-through=-lgcc -plugin-opt=-pass-through=-lc -plugin-opt=-pass-through=-lgcc_s -plugin-opt=-pass-through=-lgcc --build-id --eh-frame-hdr -m elf_x86_64 --hash-style=gnu --as-needed -dynamic-linker /lib64/ld-linux-x86-64.so.2 -pie -z now -z relro -o cmTC_1478b /usr/lib/gcc/x86_64-linux-gnu/7/../../../x86_64-linux-gnu/Scrt1.o /usr/lib/gcc/x86_64-linux-gnu/7/../../../x86_64-linux-gnu/crti.o /usr/lib/gcc/x86_64-linux-gnu/7/crtbeginS.o -L/usr/lib/gcc/x86_64-linux-gnu/7 -L/usr/lib/gcc/x86_64-linux-gnu/7/../../../x86_64-linux-gnu -L/usr/lib/gcc/x86_64-linux-gnu/7/../../../../lib -L/lib/x86_64-linux-gnu -L/lib/../lib -L/usr/lib/x86_64-linux-gnu -L/usr/lib/../lib -L/usr/lib/gcc/x86_64-linux-gnu/7/../../.. CMakeFiles/cmTC_1478b.dir/CMakeCXXCompilerABI.cpp.o -lstdc++ -lm -lgcc_s -lgcc -lc -lgcc_s -lgcc /usr/lib/gcc/x86_64-linux-gnu/7/crtendS.o /usr/lib/gcc/x86_64-linux-gnu/7/../../../x86_64-linux-gnu/crtn.o]
    arg [/usr/lib/gcc/x86_64-linux-gnu/7/collect2] ==> ignore
    arg [-plugin] ==> ignore
    arg [/usr/lib/gcc/x86_64-linux-gnu/7/liblto_plugin.so] ==> ignore
    arg [-plugin-opt=/usr/lib/gcc/x86_64-linux-gnu/7/lto-wrapper] ==> ignore
    arg [-plugin-opt=-fresolution=/tmp/ccL8FYw9.res] ==> ignore
    arg [-plugin-opt=-pass-through=-lgcc_s] ==> ignore
    arg [-plugin-opt=-pass-through=-lgcc] ==> ignore
    arg [-plugin-opt=-pass-through=-lc] ==> ignore
    arg [-plugin-opt=-pass-through=-lgcc_s] ==> ignore
    arg [-plugin-opt=-pass-through=-lgcc] ==> ignore
    arg [--build-id] ==> ignore
    arg [--eh-frame-hdr] ==> ignore
    arg [-m] ==> ignore
    arg [elf_x86_64] ==> ignore
    arg [--hash-style=gnu] ==> ignore
    arg [--as-needed] ==> ignore
    arg [-dynamic-linker] ==> ignore
    arg [/lib64/ld-linux-x86-64.so.2] ==> ignore
    arg [-pie] ==> ignore
    arg [-znow] ==> ignore
    arg [-zrelro] ==> ignore
    arg [-o] ==> ignore
    arg [cmTC_1478b] ==> ignore
    arg [/usr/lib/gcc/x86_64-linux-gnu/7/../../../x86_64-linux-gnu/Scrt1.o] ==> ignore
    arg [/usr/lib/gcc/x86_64-linux-gnu/7/../../../x86_64-linux-gnu/crti.o] ==> ignore
    arg [/usr/lib/gcc/x86_64-linux-gnu/7/crtbeginS.o] ==> ignore
    arg [-L/usr/lib/gcc/x86_64-linux-gnu/7] ==> dir [/usr/lib/gcc/x86_64-linux-gnu/7]
    arg [-L/usr/lib/gcc/x86_64-linux-gnu/7/../../../x86_64-linux-gnu] ==> dir [/usr/lib/gcc/x86_64-linux-gnu/7/../../../x86_64-linux-gnu]
    arg [-L/usr/lib/gcc/x86_64-linux-gnu/7/../../../../lib] ==> dir [/usr/lib/gcc/x86_64-linux-gnu/7/../../../../lib]
    arg [-L/lib/x86_64-linux-gnu] ==> dir [/lib/x86_64-linux-gnu]
    arg [-L/lib/../lib] ==> dir [/lib/../lib]
    arg [-L/usr/lib/x86_64-linux-gnu] ==> dir [/usr/lib/x86_64-linux-gnu]
    arg [-L/usr/lib/../lib] ==> dir [/usr/lib/../lib]
    arg [-L/usr/lib/gcc/x86_64-linux-gnu/7/../../..] ==> dir [/usr/lib/gcc/x86_64-linux-gnu/7/../../..]
    arg [CMakeFiles/cmTC_1478b.dir/CMakeCXXCompilerABI.cpp.o] ==> ignore
    arg [-lstdc++] ==> lib [stdc++]
    arg [-lm] ==> lib [m]
    arg [-lgcc_s] ==> lib [gcc_s]
    arg [-lgcc] ==> lib [gcc]
    arg [-lc] ==> lib [c]
    arg [-lgcc_s] ==> lib [gcc_s]
    arg [-lgcc] ==> lib [gcc]
    arg [/usr/lib/gcc/x86_64-linux-gnu/7/crtendS.o] ==> ignore
    arg [/usr/lib/gcc/x86_64-linux-gnu/7/../../../x86_64-linux-gnu/crtn.o] ==> ignore
  collapse library dir [/usr/lib/gcc/x86_64-linux-gnu/7] ==> [/usr/lib/gcc/x86_64-linux-gnu/7]
  collapse library dir [/usr/lib/gcc/x86_64-linux-gnu/7/../../../x86_64-linux-gnu] ==> [/usr/lib/x86_64-linux-gnu]
  collapse library dir [/usr/lib/gcc/x86_64-linux-gnu/7/../../../../lib] ==> [/usr/lib]
  collapse library dir [/lib/x86_64-linux-gnu] ==> [/lib/x86_64-linux-gnu]
  collapse library dir [/lib/../lib] ==> [/lib]
  collapse library dir [/usr/lib/x86_64-linux-gnu] ==> [/usr/lib/x86_64-linux-gnu]
  collapse library dir [/usr/lib/../lib] ==> [/usr/lib]
  collapse library dir [/usr/lib/gcc/x86_64-linux-gnu/7/../../..] ==> [/usr/lib]
  implicit libs: [stdc++;m;gcc_s;gcc;c;gcc_s;gcc]
  implicit dirs: [/usr/lib/gcc/x86_64-linux-gnu/7;/usr/lib/x86_64-linux-gnu;/usr/lib;/lib/x86_64-linux-gnu;/lib]
  implicit fwks: []




Detecting CXX [-std=c++1z] compiler features compiled with the following output:
Change Dir: /media/lory/528b0d15-4535-4e6b-842c-5644ad3e33ac/home/kaho/Desktop/多传感器融合定位第四期/第九章 基于优化的建图方法/shenlan_ws/src/lidar_localization/build/CMakeFiles/CMakeTmp

Run Build Command:"/usr/bin/make" "cmTC_0b94f/fast"
/usr/bin/make -f CMakeFiles/cmTC_0b94f.dir/build.make CMakeFiles/cmTC_0b94f.dir/build
make[1]: 进入目录“/media/lory/528b0d15-4535-4e6b-842c-5644ad3e33ac/home/kaho/Desktop/多传感器融合定位第四期/第九章 基于优化的建图方法/shenlan_ws/src/lidar_localization/build/CMakeFiles/CMakeTmp”
Building CXX object CMakeFiles/cmTC_0b94f.dir/feature_tests.cxx.o
/usr/bin/x86_64-linux-gnu-g++-7    -std=c++1z -o CMakeFiles/cmTC_0b94f.dir/feature_tests.cxx.o -c "/media/lory/528b0d15-4535-4e6b-842c-5644ad3e33ac/home/kaho/Desktop/多传感器融合定位第四期/第九章 基于优化的建图方法/shenlan_ws/src/lidar_localization/build/CMakeFiles/feature_tests.cxx"
Linking CXX executable cmTC_0b94f
/usr/bin/cmake -E cmake_link_script CMakeFiles/cmTC_0b94f.dir/link.txt --verbose=1
/usr/bin/x86_64-linux-gnu-g++-7       CMakeFiles/cmTC_0b94f.dir/feature_tests.cxx.o  -o cmTC_0b94f 
make[1]: 离开目录“/media/lory/528b0d15-4535-4e6b-842c-5644ad3e33ac/home/kaho/Desktop/多传感器融合定位第四期/第九章 基于优化的建图方法/shenlan_ws/src/lidar_localization/build/CMakeFiles/CMakeTmp”


    Feature record: CXX_FEATURE:1cxx_aggregate_default_initializers
    Feature record: CXX_FEATURE:1cxx_alias_templates
    Feature record: CXX_FEATURE:1cxx_alignas
    Feature record: CXX_FEATURE:1cxx_alignof
    Feature record: CXX_FEATURE:1cxx_attributes
    Feature record: CXX_FEATURE:1cxx_attribute_deprecated
    Feature record: CXX_FEATURE:1cxx_auto_type
    Feature record: CXX_FEATURE:1cxx_binary_literals
    Feature record: CXX_FEATURE:1cxx_constexpr
    Feature record: CXX_FEATURE:1cxx_contextual_conversions
    Feature record: CXX_FEATURE:1cxx_decltype
    Feature record: CXX_FEATURE:1cxx_decltype_auto
    Feature record: CXX_FEATURE:1cxx_decltype_incomplete_return_types
    Feature record: CXX_FEATURE:1cxx_default_function_template_args
    Feature record: CXX_FEATURE:1cxx_defaulted_functions
    Feature record: CXX_FEATURE:1cxx_defaulted_move_initializers
    Feature record: CXX_FEATURE:1cxx_delegating_constructors
    Feature record: CXX_FEATURE:1cxx_deleted_functions
    Feature record: CXX_FEATURE:1cxx_digit_separators
    Feature record: CXX_FEATURE:1cxx_enum_forward_declarations
    Feature record: CXX_FEATURE:1cxx_explicit_conversions
    Feature record: CXX_FEATURE:1cxx_extended_friend_declarations
    Feature record: CXX_FEATURE:1cxx_extern_templates
    Feature record: CXX_FEATURE:1cxx_final
    Feature record: CXX_FEATURE:1cxx_func_identifier
    Feature record: CXX_FEATURE:1cxx_generalized_initializers
    Feature record: CXX_FEATURE:1cxx_generic_lambdas
    Feature record: CXX_FEATURE:1cxx_inheriting_constructors
    Feature record: CXX_FEATURE:1cxx_inline_namespaces
    Feature record: CXX_FEATURE:1cxx_lambdas
    Feature record: CXX_FEATURE:1cxx_lambda_init_captures
    Feature record: CXX_FEATURE:1cxx_local_type_template_args
    Feature record: CXX_FEATURE:1cxx_long_long_type
    Feature record: CXX_FEATURE:1cxx_noexcept
    Feature record: CXX_FEATURE:1cxx_nonstatic_member_init
    Feature record: CXX_FEATURE:1cxx_nullptr
    Feature record: CXX_FEATURE:1cxx_override
    Feature record: CXX_FEATURE:1cxx_range_for
    Feature record: CXX_FEATURE:1cxx_raw_string_literals
    Feature record: CXX_FEATURE:1cxx_reference_qualified_functions
    Feature record: CXX_FEATURE:1cxx_relaxed_constexpr
    Feature record: CXX_FEATURE:1cxx_return_type_deduction
    Feature record: CXX_FEATURE:1cxx_right_angle_brackets
    Feature record: CXX_FEATURE:1cxx_rvalue_references
    Feature record: CXX_FEATURE:1cxx_sizeof_member
    Feature record: CXX_FEATURE:1cxx_static_assert
    Feature record: CXX_FEATURE:1cxx_strong_enums
    Feature record: CXX_FEATURE:1cxx_template_template_parameters
    Feature record: CXX_FEATURE:1cxx_thread_local
    Feature record: CXX_FEATURE:1cxx_trailing_return_types
    Feature record: CXX_FEATURE:1cxx_unicode_literals
    Feature record: CXX_FEATURE:1cxx_uniform_initialization
    Feature record: CXX_FEATURE:1cxx_unrestricted_unions
    Feature record: CXX_FEATURE:1cxx_user_literals
    Feature record: CXX_FEATURE:1cxx_variable_templates
    Feature record: CXX_FEATURE:1cxx_variadic_macros
    Feature record: CXX_FEATURE:1cxx_variadic_templates


Detecting CXX [-std=c++14] compiler features compiled with the following output:
Change Dir: /media/lory/528b0d15-4535-4e6b-842c-5644ad3e33ac/home/kaho/Desktop/多传感器融合定位第四期/第九章 基于优化的建图方法/shenlan_ws/src/lidar_localization/build/CMakeFiles/CMakeTmp

Run Build Command:"/usr/bin/make" "cmTC_03a0b/fast"
/usr/bin/make -f CMakeFiles/cmTC_03a0b.dir/build.make CMakeFiles/cmTC_03a0b.dir/build
make[1]: 进入目录“/media/lory/528b0d15-4535-4e6b-842c-5644ad3e33ac/home/kaho/Desktop/多传感器融合定位第四期/第九章 基于优化的建图方法/shenlan_ws/src/lidar_localization/build/CMakeFiles/CMakeTmp”
Building CXX object CMakeFiles/cmTC_03a0b.dir/feature_tests.cxx.o
/usr/bin/x86_64-linux-gnu-g++-7    -std=c++14 -o CMakeFiles/cmTC_03a0b.dir/feature_tests.cxx.o -c "/media/lory/528b0d15-4535-4e6b-842c-5644ad3e33ac/home/kaho/Desktop/多传感器融合定位第四期/第九章 基于优化的建图方法/shenlan_ws/src/lidar_localization/build/CMakeFiles/feature_tests.cxx"
Linking CXX executable cmTC_03a0b
/usr/bin/cmake -E cmake_link_script CMakeFiles/cmTC_03a0b.dir/link.txt --verbose=1
/usr/bin/x86_64-linux-gnu-g++-7       CMakeFiles/cmTC_03a0b.dir/feature_tests.cxx.o  -o cmTC_03a0b 
make[1]: 离开目录“/media/lory/528b0d15-4535-4e6b-842c-5644ad3e33ac/home/kaho/Desktop/多传感器融合定位第四期/第九章 基于优化的建图方法/shenlan_ws/src/lidar_localization/build/CMakeFiles/CMakeTmp”


    Feature record: CXX_FEATURE:1cxx_aggregate_default_initializers
    Feature record: CXX_FEATURE:1cxx_alias_templates
    Feature record: CXX_FEATURE:1cxx_alignas
    Feature record: CXX_FEATURE:1cxx_alignof
    Feature record: CXX_FEATURE:1cxx_attributes
    Feature record: CXX_FEATURE:1cxx_attribute_deprecated
    Feature record: CXX_FEATURE:1cxx_auto_type
    Feature record: CXX_FEATURE:1cxx_binary_literals
    Feature record: CXX_FEATURE:1cxx_constexpr
    Feature record: CXX_FEATURE:1cxx_contextual_conversions
    Feature record: CXX_FEATURE:1cxx_decltype
    Feature record: CXX_FEATURE:1cxx_decltype_auto
    Feature record: CXX_FEATURE:1cxx_decltype_incomplete_return_types
    Feature record: CXX_FEATURE:1cxx_default_function_template_args
    Feature record: CXX_FEATURE:1cxx_defaulted_functions
    Feature record: CXX_FEATURE:1cxx_defaulted_move_initializers
    Feature record: CXX_FEATURE:1cxx_delegating_constructors
    Feature record: CXX_FEATURE:1cxx_deleted_functions
    Feature record: CXX_FEATURE:1cxx_digit_separators
    Feature record: CXX_FEATURE:1cxx_enum_forward_declarations
    Feature record: CXX_FEATURE:1cxx_explicit_conversions
    Feature record: CXX_FEATURE:1cxx_extended_friend_declarations
    Feature record: CXX_FEATURE:1cxx_extern_templates
    Feature record: CXX_FEATURE:1cxx_final
    Feature record: CXX_FEATURE:1cxx_func_identifier
    Feature record: CXX_FEATURE:1cxx_generalized_initializers
    Feature record: CXX_FEATURE:1cxx_generic_lambdas
    Feature record: CXX_FEATURE:1cxx_inheriting_constructors
    Feature record: CXX_FEATURE:1cxx_inline_namespaces
    Feature record: CXX_FEATURE:1cxx_lambdas
    Feature record: CXX_FEATURE:1cxx_lambda_init_captures
    Feature record: CXX_FEATURE:1cxx_local_type_template_args
    Feature record: CXX_FEATURE:1cxx_long_long_type
    Feature record: CXX_FEATURE:1cxx_noexcept
    Feature record: CXX_FEATURE:1cxx_nonstatic_member_init
    Feature record: CXX_FEATURE:1cxx_nullptr
    Feature record: CXX_FEATURE:1cxx_override
    Feature record: CXX_FEATURE:1cxx_range_for
    Feature record: CXX_FEATURE:1cxx_raw_string_literals
    Feature record: CXX_FEATURE:1cxx_reference_qualified_functions
    Feature record: CXX_FEATURE:1cxx_relaxed_constexpr
    Feature record: CXX_FEATURE:1cxx_return_type_deduction
    Feature record: CXX_FEATURE:1cxx_right_angle_brackets
    Feature record: CXX_FEATURE:1cxx_rvalue_references
    Feature record: CXX_FEATURE:1cxx_sizeof_member
    Feature record: CXX_FEATURE:1cxx_static_assert
    Feature record: CXX_FEATURE:1cxx_strong_enums
    Feature record: CXX_FEATURE:1cxx_template_template_parameters
    Feature record: CXX_FEATURE:1cxx_thread_local
    Feature record: CXX_FEATURE:1cxx_trailing_return_types
    Feature record: CXX_FEATURE:1cxx_unicode_literals
    Feature record: CXX_FEATURE:1cxx_uniform_initialization
    Feature record: CXX_FEATURE:1cxx_unrestricted_unions
    Feature record: CXX_FEATURE:1cxx_user_literals
    Feature record: CXX_FEATURE:1cxx_variable_templates
    Feature record: CXX_FEATURE:1cxx_variadic_macros
    Feature record: CXX_FEATURE:1cxx_variadic_templates


Detecting CXX [-std=c++11] compiler features compiled with the following output:
Change Dir: /media/lory/528b0d15-4535-4e6b-842c-5644ad3e33ac/home/kaho/Desktop/多传感器融合定位第四期/第九章 基于优化的建图方法/shenlan_ws/src/lidar_localization/build/CMakeFiles/CMakeTmp

Run Build Command:"/usr/bin/make" "cmTC_e79ef/fast"
/usr/bin/make -f CMakeFiles/cmTC_e79ef.dir/build.make CMakeFiles/cmTC_e79ef.dir/build
make[1]: 进入目录“/media/lory/528b0d15-4535-4e6b-842c-5644ad3e33ac/home/kaho/Desktop/多传感器融合定位第四期/第九章 基于优化的建图方法/shenlan_ws/src/lidar_localization/build/CMakeFiles/CMakeTmp”
Building CXX object CMakeFiles/cmTC_e79ef.dir/feature_tests.cxx.o
/usr/bin/x86_64-linux-gnu-g++-7    -std=c++11 -o CMakeFiles/cmTC_e79ef.dir/feature_tests.cxx.o -c "/media/lory/528b0d15-4535-4e6b-842c-5644ad3e33ac/home/kaho/Desktop/多传感器融合定位第四期/第九章 基于优化的建图方法/shenlan_ws/src/lidar_localization/build/CMakeFiles/feature_tests.cxx"
Linking CXX executable cmTC_e79ef
/usr/bin/cmake -E cmake_link_script CMakeFiles/cmTC_e79ef.dir/link.txt --verbose=1
/usr/bin/x86_64-linux-gnu-g++-7       CMakeFiles/cmTC_e79ef.dir/feature_tests.cxx.o  -o cmTC_e79ef 
make[1]: 离开目录“/media/lory/528b0d15-4535-4e6b-842c-5644ad3e33ac/home/kaho/Desktop/多传感器融合定位第四期/第九章 基于优化的建图方法/shenlan_ws/src/lidar_localization/build/CMakeFiles/CMakeTmp”


    Feature record: CXX_FEATURE:0cxx_aggregate_default_initializers
    Feature record: CXX_FEATURE:1cxx_alias_templates
    Feature record: CXX_FEATURE:1cxx_alignas
    Feature record: CXX_FEATURE:1cxx_alignof
    Feature record: CXX_FEATURE:1cxx_attributes
    Feature record: CXX_FEATURE:0cxx_attribute_deprecated
    Feature record: CXX_FEATURE:1cxx_auto_type
    Feature record: CXX_FEATURE:0cxx_binary_literals
    Feature record: CXX_FEATURE:1cxx_constexpr
    Feature record: CXX_FEATURE:0cxx_contextual_conversions
    Feature record: CXX_FEATURE:1cxx_decltype
    Feature record: CXX_FEATURE:0cxx_decltype_auto
    Feature record: CXX_FEATURE:1cxx_decltype_incomplete_return_types
    Feature record: CXX_FEATURE:1cxx_default_function_template_args
    Feature record: CXX_FEATURE:1cxx_defaulted_functions
    Feature record: CXX_FEATURE:1cxx_defaulted_move_initializers
    Feature record: CXX_FEATURE:1cxx_delegating_constructors
    Feature record: CXX_FEATURE:1cxx_deleted_functions
    Feature record: CXX_FEATURE:0cxx_digit_separators
    Feature record: CXX_FEATURE:1cxx_enum_forward_declarations
    Feature record: CXX_FEATURE:1cxx_explicit_conversions
    Feature record: CXX_FEATURE:1cxx_extended_friend_declarations
    Feature record: CXX_FEATURE:1cxx_extern_templates
    Feature record: CXX_FEATURE:1cxx_final
    Feature record: CXX_FEATURE:1cxx_func_identifier
    Feature record: CXX_FEATURE:1cxx_generalized_initializers
    Feature record: CXX_FEATURE:0cxx_generic_lambdas
    Feature record: CXX_FEATURE:1cxx_inheriting_constructors
    Feature record: CXX_FEATURE:1cxx_inline_namespaces
    Feature record: CXX_FEATURE:1cxx_lambdas
    Feature record: CXX_FEATURE:0cxx_lambda_init_captures
    Feature record: CXX_FEATURE:1cxx_local_type_template_args
    Feature record: CXX_FEATURE:1cxx_long_long_type
    Feature record: CXX_FEATURE:1cxx_noexcept
    Feature record: CXX_FEATURE:1cxx_nonstatic_member_init
    Feature record: CXX_FEATURE:1cxx_nullptr
    Feature record: CXX_FEATURE:1cxx_override
    Feature record: CXX_FEATURE:1cxx_range_for
    Feature record: CXX_FEATURE:1cxx_raw_string_literals
    Feature record: CXX_FEATURE:1cxx_reference_qualified_functions
    Feature record: CXX_FEATURE:0cxx_relaxed_constexpr
    Feature record: CXX_FEATURE:0cxx_return_type_deduction
    Feature record: CXX_FEATURE:1cxx_right_angle_brackets
    Feature record: CXX_FEATURE:1cxx_rvalue_references
    Feature record: CXX_FEATURE:1cxx_sizeof_member
    Feature record: CXX_FEATURE:1cxx_static_assert
    Feature record: CXX_FEATURE:1cxx_strong_enums
    Feature record: CXX_FEATURE:1cxx_template_template_parameters
    Feature record: CXX_FEATURE:1cxx_thread_local
    Feature record: CXX_FEATURE:1cxx_trailing_return_types
    Feature record: CXX_FEATURE:1cxx_unicode_literals
    Feature record: CXX_FEATURE:1cxx_uniform_initialization
    Feature record: CXX_FEATURE:1cxx_unrestricted_unions
    Feature record: CXX_FEATURE:1cxx_user_literals
    Feature record: CXX_FEATURE:0cxx_variable_templates
    Feature record: CXX_FEATURE:1cxx_variadic_macros
    Feature record: CXX_FEATURE:1cxx_variadic_templates


Detecting CXX [-std=c++98] compiler features compiled with the following output:
Change Dir: /media/lory/528b0d15-4535-4e6b-842c-5644ad3e33ac/home/kaho/Desktop/多传感器融合定位第四期/第九章 基于优化的建图方法/shenlan_ws/src/lidar_localization/build/CMakeFiles/CMakeTmp

Run Build Command:"/usr/bin/make" "cmTC_e254e/fast"
/usr/bin/make -f CMakeFiles/cmTC_e254e.dir/build.make CMakeFiles/cmTC_e254e.dir/build
make[1]: 进入目录“/media/lory/528b0d15-4535-4e6b-842c-5644ad3e33ac/home/kaho/Desktop/多传感器融合定位第四期/第九章 基于优化的建图方法/shenlan_ws/src/lidar_localization/build/CMakeFiles/CMakeTmp”
Building CXX object CMakeFiles/cmTC_e254e.dir/feature_tests.cxx.o
/usr/bin/x86_64-linux-gnu-g++-7    -std=c++98 -o CMakeFiles/cmTC_e254e.dir/feature_tests.cxx.o -c "/media/lory/528b0d15-4535-4e6b-842c-5644ad3e33ac/home/kaho/Desktop/多传感器融合定位第四期/第九章 基于优化的建图方法/shenlan_ws/src/lidar_localization/build/CMakeFiles/feature_tests.cxx"
Linking CXX executable cmTC_e254e
/usr/bin/cmake -E cmake_link_script CMakeFiles/cmTC_e254e.dir/link.txt --verbose=1
/usr/bin/x86_64-linux-gnu-g++-7       CMakeFiles/cmTC_e254e.dir/feature_tests.cxx.o  -o cmTC_e254e 
make[1]: 离开目录“/media/lory/528b0d15-4535-4e6b-842c-5644ad3e33ac/home/kaho/Desktop/多传感器融合定位第四期/第九章 基于优化的建图方法/shenlan_ws/src/lidar_localization/build/CMakeFiles/CMakeTmp”


    Feature record: CXX_FEATURE:0cxx_aggregate_default_initializers
    Feature record: CXX_FEATURE:0cxx_alias_templates
    Feature record: CXX_FEATURE:0cxx_alignas
    Feature record: CXX_FEATURE:0cxx_alignof
    Feature record: CXX_FEATURE:0cxx_attributes
    Feature record: CXX_FEATURE:0cxx_attribute_deprecated
    Feature record: CXX_FEATURE:0cxx_auto_type
    Feature record: CXX_FEATURE:0cxx_binary_literals
    Feature record: CXX_FEATURE:0cxx_constexpr
    Feature record: CXX_FEATURE:0cxx_contextual_conversions
    Feature record: CXX_FEATURE:0cxx_decltype
    Feature record: CXX_FEATURE:0cxx_decltype_auto
    Feature record: CXX_FEATURE:0cxx_decltype_incomplete_return_types
    Feature record: CXX_FEATURE:0cxx_default_function_template_args
    Feature record: CXX_FEATURE:0cxx_defaulted_functions
    Feature record: CXX_FEATURE:0cxx_defaulted_move_initializers
    Feature record: CXX_FEATURE:0cxx_delegating_constructors
    Feature record: CXX_FEATURE:0cxx_deleted_functions
    Feature record: CXX_FEATURE:0cxx_digit_separators
    Feature record: CXX_FEATURE:0cxx_enum_forward_declarations
    Feature record: CXX_FEATURE:0cxx_explicit_conversions
    Feature record: CXX_FEATURE:0cxx_extended_friend_declarations
    Feature record: CXX_FEATURE:0cxx_extern_templates
    Feature record: CXX_FEATURE:0cxx_final
    Feature record: CXX_FEATURE:0cxx_func_identifier
    Feature record: CXX_FEATURE:0cxx_generalized_initializers
    Feature record: CXX_FEATURE:0cxx_generic_lambdas
    Feature record: CXX_FEATURE:0cxx_inheriting_constructors
    Feature record: CXX_FEATURE:0cxx_inline_namespaces
    Feature record: CXX_FEATURE:0cxx_lambdas
    Feature record: CXX_FEATURE:0cxx_lambda_init_captures
    Feature record: CXX_FEATURE:0cxx_local_type_template_args
    Feature record: CXX_FEATURE:0cxx_long_long_type
    Feature record: CXX_FEATURE:0cxx_noexcept
    Feature record: CXX_FEATURE:0cxx_nonstatic_member_init
    Feature record: CXX_FEATURE:0cxx_nullptr
    Feature record: CXX_FEATURE:0cxx_override
    Feature record: CXX_FEATURE:0cxx_range_for
    Feature record: CXX_FEATURE:0cxx_raw_string_literals
    Feature record: CXX_FEATURE:0cxx_reference_qualified_functions
    Feature record: CXX_FEATURE:0cxx_relaxed_constexpr
    Feature record: CXX_FEATURE:0cxx_return_type_deduction
    Feature record: CXX_FEATURE:0cxx_right_angle_brackets
    Feature record: CXX_FEATURE:0cxx_rvalue_references
    Feature record: CXX_FEATURE:0cxx_sizeof_member
    Feature record: CXX_FEATURE:0cxx_static_assert
    Feature record: CXX_FEATURE:0cxx_strong_enums
    Feature record: CXX_FEATURE:1cxx_template_template_parameters
    Feature record: CXX_FEATURE:0cxx_thread_local
    Feature record: CXX_FEATURE:0cxx_trailing_return_types
    Feature record: CXX_FEATURE:0cxx_unicode_literals
    Feature record: CXX_FEATURE:0cxx_uniform_initialization
    Feature record: CXX_FEATURE:0cxx_unrestricted_unions
    Feature record: CXX_FEATURE:0cxx_user_literals
    Feature record: CXX_FEATURE:0cxx_variable_templates
    Feature record: CXX_FEATURE:0cxx_variadic_macros
    Feature record: CXX_FEATURE:0cxx_variadic_templates
Determining if the include file pthread.h exists passed with the following output:
Change Dir: /media/lory/528b0d15-4535-4e6b-842c-5644ad3e33ac/home/kaho/Desktop/多传感器融合定位第四期/第九章 基于优化的建图方法/shenlan_ws/src/lidar_localization/build/CMakeFiles/CMakeTmp

Run Build Command:"/usr/bin/make" "cmTC_15f4c/fast"
/usr/bin/make -f CMakeFiles/cmTC_15f4c.dir/build.make CMakeFiles/cmTC_15f4c.dir/build
make[1]: 进入目录“/media/lory/528b0d15-4535-4e6b-842c-5644ad3e33ac/home/kaho/Desktop/多传感器融合定位第四期/第九章 基于优化的建图方法/shenlan_ws/src/lidar_localization/build/CMakeFiles/CMakeTmp”
Building C object CMakeFiles/cmTC_15f4c.dir/CheckIncludeFile.c.o
/usr/bin/x86_64-linux-gnu-gcc-7    -o CMakeFiles/cmTC_15f4c.dir/CheckIncludeFile.c.o   -c "/media/lory/528b0d15-4535-4e6b-842c-5644ad3e33ac/home/kaho/Desktop/多传感器融合定位第四期/第九章 基于优化的建图方法/shenlan_ws/src/lidar_localization/build/CMakeFiles/CMakeTmp/CheckIncludeFile.c"
Linking C executable cmTC_15f4c
/usr/bin/cmake -E cmake_link_script CMakeFiles/cmTC_15f4c.dir/link.txt --verbose=1
/usr/bin/x86_64-linux-gnu-gcc-7      CMakeFiles/cmTC_15f4c.dir/CheckIncludeFile.c.o  -o cmTC_15f4c 
make[1]: 离开目录“/media/lory/528b0d15-4535-4e6b-842c-5644ad3e33ac/home/kaho/Desktop/多传感器融合定位第四期/第九章 基于优化的建图方法/shenlan_ws/src/lidar_localization/build/CMakeFiles/CMakeTmp”


Determining if the function pthread_create exists in the pthread passed with the following output:
Change Dir: /media/lory/528b0d15-4535-4e6b-842c-5644ad3e33ac/home/kaho/Desktop/多传感器融合定位第四期/第九章 基于优化的建图方法/shenlan_ws/src/lidar_localization/build/CMakeFiles/CMakeTmp

Run Build Command:"/usr/bin/make" "cmTC_0acbe/fast"
/usr/bin/make -f CMakeFiles/cmTC_0acbe.dir/build.make CMakeFiles/cmTC_0acbe.dir/build
make[1]: 进入目录“/media/lory/528b0d15-4535-4e6b-842c-5644ad3e33ac/home/kaho/Desktop/多传感器融合定位第四期/第九章 基于优化的建图方法/shenlan_ws/src/lidar_localization/build/CMakeFiles/CMakeTmp”
Building C object CMakeFiles/cmTC_0acbe.dir/CheckFunctionExists.c.o
/usr/bin/x86_64-linux-gnu-gcc-7   -DCHECK_FUNCTION_EXISTS=pthread_create   -o CMakeFiles/cmTC_0acbe.dir/CheckFunctionExists.c.o   -c /usr/share/cmake-3.10/Modules/CheckFunctionExists.c
Linking C executable cmTC_0acbe
/usr/bin/cmake -E cmake_link_script CMakeFiles/cmTC_0acbe.dir/link.txt --verbose=1
/usr/bin/x86_64-linux-gnu-gcc-7  -DCHECK_FUNCTION_EXISTS=pthread_create    CMakeFiles/cmTC_0acbe.dir/CheckFunctionExists.c.o  -o cmTC_0acbe -lpthread 
make[1]: 离开目录“/media/lory/528b0d15-4535-4e6b-842c-5644ad3e33ac/home/kaho/Desktop/多传感器融合定位第四期/第九章 基于优化的建图方法/shenlan_ws/src/lidar_localization/build/CMakeFiles/CMakeTmp”


